<?xml version="1.0" encoding="UTF-8"?>
<!-- Generated by org.testng.reporters.JUnitXMLReporter -->
<testsuite hostname="Volovich-pc" ignored="4" name="Command line test" tests="12" failures="0" timestamp="2019-11-26T20:00:02 EET" time="62.788" errors="0">
  <testcase name="@BeforeMethod loginAsJasperadmin" time="60.383" classname="com.tests.login.HomePageTest">
    <failure type="org.openqa.selenium.NoSuchElementException" message="Timed out after 10 seconds. Unable to locate the element">
      <![CDATA[org.openqa.selenium.NoSuchElementException: Timed out after 10 seconds. Unable to locate the element
at org.openqa.selenium.support.pagefactory.AjaxElementLocator.findElement(AjaxElementLocator.java:99)
at org.openqa.selenium.support.pagefactory.internal.LocatingElementHandler.invoke(LocatingElementHandler.java:38)
at com.sun.proxy.$Proxy19.sendKeys(Unknown Source)
at com.ui.pages.login.LoginActController.enterUserId(LoginActController.java:56)
at com.ui.pages.login.LoginActController.loginByUser(LoginActController.java:42)
at com.tests.login.HomePageTest.loginAsJasperadmin(HomePageTest.java:27)
at java.util.ArrayList.forEach(ArrayList.java:1257)
Caused by: org.openqa.selenium.NoSuchElementException: no such element: Unable to locate element: {"method":"css selector","selector":"#j_username"}
  (Session info: chrome=78.0.3904.97)
For documentation on this error, please visit: https://www.seleniumhq.org/exceptions/no_such_element.html
Build info: version: '3.141.59', revision: 'e82be7d358', time: '2018-11-14T08:17:03'
System info: host: 'VOLOVICH-PC', ip: '10.98.51.245', os.name: 'Windows 10', os.arch: 'amd64', os.version: '10.0', java.version: '1.8.0_161'
Driver info: org.openqa.selenium.chrome.ChromeDriver
Capabilities {acceptInsecureCerts: false, browserName: chrome, browserVersion: 78.0.3904.97, chrome: {chromedriverVersion: 78.0.3904.70 (edb9c9f3de024..., userDataDir: C:\Users\ANDREY~1\AppData\L...}, goog:chromeOptions: {debuggerAddress: localhost:54656}, javascriptEnabled: true, networkConnectionEnabled: false, pageLoadStrategy: normal, platform: XP, platformName: XP, proxy: Proxy(), setWindowRect: true, strictFileInteractability: false, timeouts: {implicit: 0, pageLoad: 300000, script: 30000}, unhandledPromptBehavior: dismiss and notify}
Session ID: 86f1aeec5dbd6e3859fc5d82d0250321
*** Element info: {Using=id, value=j_username}
at org.openqa.selenium.remote.http.W3CHttpResponseCodec.createException(W3CHttpResponseCodec.java:187)
at org.openqa.selenium.remote.http.W3CHttpResponseCodec.decode(W3CHttpResponseCodec.java:122)
at org.openqa.selenium.remote.http.W3CHttpResponseCodec.decode(W3CHttpResponseCodec.java:49)
at org.openqa.selenium.remote.HttpCommandExecutor.execute(HttpCommandExecutor.java:158)
at org.openqa.selenium.remote.service.DriverCommandExecutor.execute(DriverCommandExecutor.java:83)
at org.openqa.selenium.remote.RemoteWebDriver.execute(RemoteWebDriver.java:552)
at org.openqa.selenium.remote.RemoteWebDriver.findElement(RemoteWebDriver.java:323)
at org.openqa.selenium.remote.RemoteWebDriver.findElementById(RemoteWebDriver.java:372)
at org.openqa.selenium.By$ById.findElement(By.java:188)
at org.openqa.selenium.remote.RemoteWebDriver.findElement(RemoteWebDriver.java:315)
at org.openqa.selenium.support.pagefactory.DefaultElementLocator.findElement(DefaultElementLocator.java:69)
at org.openqa.selenium.support.pagefactory.AjaxElementLocator.access$001(AjaxElementLocator.java:39)
at org.openqa.selenium.support.pagefactory.AjaxElementLocator$SlowLoadingElement.isLoaded(AjaxElementLocator.java:165)
at org.openqa.selenium.support.ui.SlowLoadableComponent.get(SlowLoadableComponent.java:72)
at org.openqa.selenium.support.pagefactory.AjaxElementLocator.findElement(AjaxElementLocator.java:95)
... 47 more
... Removed 45 stack frames]]>
    </failure>
  </testcase> <!-- @BeforeMethod loginAsJasperadmin -->
  <testcase name="@AfterMethod logOut" time="-1.574791199905E9" classname="com.tests.BaseTest">
    <skipped/>
  </testcase> <!-- @AfterMethod logOut -->
  <testcase name="@BeforeMethod loginAsJasperadmin" time="-1.574791199907E9" classname="com.tests.login.HomePageTest">
    <skipped/>
  </testcase> <!-- @BeforeMethod loginAsJasperadmin -->
  <testcase name="@AfterMethod logOut" time="-1.574791199912E9" classname="com.tests.BaseTest">
    <skipped/>
  </testcase> <!-- @AfterMethod logOut -->
  <testcase name="@AfterMethod logOut" time="0.001" classname="com.tests.BaseTest">
    <failure type="java.lang.NullPointerException">
      <![CDATA[java.lang.NullPointerException
at com.tests.BaseTest.logOut(BaseTest.java:63)
at java.util.ArrayList.forEach(ArrayList.java:1257)
... Removed 42 stack frames]]>
    </failure>
  </testcase> <!-- @AfterMethod logOut -->
  <testcase name="@BeforeMethod login" time="-1.574791202049E9" classname="com.tests.login.LoginTest">
    <skipped/>
  </testcase> <!-- @BeforeMethod login -->
  <testcase name="@AfterMethod logOut" time="-1.574791202056E9" classname="com.tests.BaseTest">
    <skipped/>
  </testcase> <!-- @AfterMethod logOut -->
  <testcase name="@BeforeMethod login" time="-1.574791202061E9" classname="com.tests.login.LoginTest">
    <skipped/>
  </testcase> <!-- @BeforeMethod login -->
  <testcase name="@AfterMethod logOut" time="-1.574791202075E9" classname="com.tests.BaseTest">
    <skipped/>
  </testcase> <!-- @AfterMethod logOut -->
  <testcase name="@BeforeMethod login" time="-1.574791202079E9" classname="com.tests.login.LoginTest">
    <skipped/>
  </testcase> <!-- @BeforeMethod login -->
  <testcase name="@AfterMethod logOut" time="-1.574791202087E9" classname="com.tests.BaseTest">
    <skipped/>
  </testcase> <!-- @AfterMethod logOut -->
  <testcase name="@BeforeMethod login" time="-1.574791202091E9" classname="com.tests.login.LoginTest">
    <skipped/>
  </testcase> <!-- @BeforeMethod login -->
  <testcase name="@AfterMethod logOut" time="-1.574791202101E9" classname="com.tests.BaseTest">
    <skipped/>
  </testcase> <!-- @AfterMethod logOut -->
  <testcase name="@BeforeMethod login" time="-1.574791202106E9" classname="com.tests.login.LoginTest">
    <skipped/>
  </testcase> <!-- @BeforeMethod login -->
  <testcase name="@AfterMethod logOut" time="-1.574791202113E9" classname="com.tests.BaseTest">
    <skipped/>
  </testcase> <!-- @AfterMethod logOut -->
  <testcase name="@BeforeMethod login" time="-1.574791202118E9" classname="com.tests.login.LoginTest">
    <skipped/>
  </testcase> <!-- @BeforeMethod login -->
  <testcase name="@AfterMethod logOut" time="-1.574791202123E9" classname="com.tests.BaseTest">
    <skipped/>
  </testcase> <!-- @AfterMethod logOut -->
  <testcase name="@BeforeMethod login" time="-1.574791202126E9" classname="com.tests.login.LoginTest">
    <skipped/>
  </testcase> <!-- @BeforeMethod login -->
  <testcase name="@AfterMethod logOut" time="-1.574791202132E9" classname="com.tests.BaseTest">
    <skipped/>
  </testcase> <!-- @AfterMethod logOut -->
  <testcase name="@BeforeMethod login" time="-1.574791202134E9" classname="com.tests.login.LoginTest">
    <skipped/>
  </testcase> <!-- @BeforeMethod login -->
  <testcase name="@AfterMethod logOut" time="-1.574791202141E9" classname="com.tests.BaseTest">
    <skipped/>
  </testcase> <!-- @AfterMethod logOut -->
  <testcase name="@BeforeMethod login" time="-1.574791202143E9" classname="com.tests.login.LoginTest">
    <skipped/>
  </testcase> <!-- @BeforeMethod login -->
  <testcase name="@AfterMethod logOut" time="-1.574791202157E9" classname="com.tests.BaseTest">
    <skipped/>
  </testcase> <!-- @AfterMethod logOut -->
  <testcase name="login" time="-1.574791202162E9" classname="com.tests.login.LoginTest">
    <skipped/>
  </testcase> <!-- login -->
  <testcase name="openRepositoryPage" time="0.0" classname="com.tests.login.HomePageTest">
    <skipped/>
  </testcase> <!-- openRepositoryPage -->
  <testcase name="openSeachResultsPage" time="0.0" classname="com.tests.login.HomePageTest">
    <skipped/>
  </testcase> <!-- openSeachResultsPage -->
  <testcase name="canLoginByDifferentLocales" time="0.823" classname="com.tests.login.LoginTest"/>
  <testcase name="canLoginByDifferentLocales" time="0.0" classname="com.tests.login.LoginTest">
    <skipped/>
  </testcase> <!-- canLoginByDifferentLocales -->
  <testcase name="canLoginByDifferentLocales" time="0.0" classname="com.tests.login.LoginTest">
    <skipped/>
  </testcase> <!-- canLoginByDifferentLocales -->
  <testcase name="canLoginByDifferentLocales" time="0.0" classname="com.tests.login.LoginTest">
    <skipped/>
  </testcase> <!-- canLoginByDifferentLocales -->
  <testcase name="canLoginByDifferentLocales" time="0.0" classname="com.tests.login.LoginTest">
    <skipped/>
  </testcase> <!-- canLoginByDifferentLocales -->
  <testcase name="canLoginByDifferentLocales" time="0.0" classname="com.tests.login.LoginTest">
    <skipped/>
  </testcase> <!-- canLoginByDifferentLocales -->
  <testcase name="loginByUsers" time="0.0" classname="com.tests.login.LoginTest">
    <skipped/>
  </testcase> <!-- loginByUsers -->
  <testcase name="loginByUsers" time="0.0" classname="com.tests.login.LoginTest">
    <skipped/>
  </testcase> <!-- loginByUsers -->
  <testcase name="loginByUsers" time="0.0" classname="com.tests.login.LoginTest">
    <skipped/>
  </testcase> <!-- loginByUsers -->
  <testcase name="loginByUsers" time="0.0" classname="com.tests.login.LoginTest">
    <skipped/>
  </testcase> <!-- loginByUsers -->
  <testcase name="@AfterSuite cleanUp" time="0.0" classname="com.tests.BaseTest">
    <ignored/>
  </testcase> <!-- @AfterSuite cleanUp -->
  <testcase name="@AfterSuite cleanUp" time="0.0" classname="com.tests.BaseTest">
    <ignored/>
  </testcase> <!-- @AfterSuite cleanUp -->
  <testcase name="@BeforeSuite startUp" time="0.0" classname="com.tests.BaseTest">
    <ignored/>
  </testcase> <!-- @BeforeSuite startUp -->
  <testcase name="@BeforeSuite startUp" time="0.0" classname="com.tests.BaseTest">
    <ignored/>
  </testcase> <!-- @BeforeSuite startUp -->
</testsuite> <!-- Command line test -->
